<?xml version="1.0" encoding="UTF-8"?>
<!-- Generated by org.testng.reporters.JUnitXMLReporter -->
<testsuite hostname="HPDA0272" name="Default test" tests="5" failures="0" timestamp="22 Oct 2016 08:55:18 GMT" time="20.178" errors="0">
  <testcase name="TestStep1_SearchProduct" time="3.502" classname="com.qait.demo.tests.TestLevel2_GenericEcommerseSiteTest_Stubs_Written_Method_Needs_To_Be_Implemented"/>
  <testcase name="TestStep2_VerifySearchResult" time="1.789" classname="com.qait.demo.tests.TestLevel2_GenericEcommerseSiteTest_Stubs_Written_Method_Needs_To_Be_Implemented"/>
  <testcase name="TestStep3_SelectFirstProduct" time="0.533" classname="com.qait.demo.tests.TestLevel2_GenericEcommerseSiteTest_Stubs_Written_Method_Needs_To_Be_Implemented"/>
  <testcase name="TestStep4_AddProductToCart" time="2.574" classname="com.qait.demo.tests.TestLevel2_GenericEcommerseSiteTest_Stubs_Written_Method_Needs_To_Be_Implemented"/>
  <testcase name="TestStep5_VerifyCart" time="1.697" classname="com.qait.demo.tests.TestLevel2_GenericEcommerseSiteTest_Stubs_Written_Method_Needs_To_Be_Implemented"/>
</testsuite> <!-- Default test -->
